# JRE version: OpenJDK Runtime Environment (11.0.2+9) (build 11.0.2+9)
# Java VM: OpenJDK 64-Bit Server VM (11.0.2+9, mixed mode, tiered, compressed oops, g1 gc, windows-amd64)
Heap:
 garbage-first heap   total 575488K, used 199049K [0x0000000702400000, 0x0000000800000000)
  region size 1024K, 8 young (8192K), 0 survivors (0K)
 Metaspace       used 23282K, capacity 24299K, committed 25472K, reserved 1071104K
  class space    used 2405K, capacity 2620K, committed 2944K, reserved 1048576K
GC Heap History (10 events):
Event: 8938.285 GC heap before
{Heap before GC invocations=21133 (full 985):
 garbage-first heap   total 575488K, used 257663K [0x0000000702400000, 0x0000000800000000)
  region size 1024K, 3 young (3072K), 1 survivors (1024K)
 Metaspace       used 23274K, capacity 24299K, committed 25472K, reserved 1071104K
  class space    used 2405K, capacity 2620K, committed 2944K, reserved 1048576K
}
Event: 8938.289 GC heap after
{Heap after GC invocations=21134 (full 985):
 garbage-first heap   total 575488K, used 184961K [0x0000000702400000, 0x0000000800000000)
  region size 1024K, 1 young (1024K), 1 survivors (1024K)
 Metaspace       used 23274K, capacity 24299K, committed 25472K, reserved 1071104K
  class space    used 2405K, capacity 2620K, committed 2944K, reserved 1048576K
}
Event: 8938.890 GC heap before
{Heap before GC invocations=21135 (full 985):
 garbage-first heap   total 575488K, used 257665K [0x0000000702400000, 0x0000000800000000)
  region size 1024K, 3 young (3072K), 1 survivors (1024K)
 Metaspace       used 23274K, capacity 24299K, committed 25472K, reserved 1071104K
  class space    used 2405K, capacity 2620K, committed 2944K, reserved 1048576K
}
Event: 8938.894 GC heap after
{Heap after GC invocations=21136 (full 985):
 garbage-first heap   total 575488K, used 184959K [0x0000000702400000, 0x0000000800000000)
  region size 1024K, 1 young (1024K), 1 survivors (1024K)
 Metaspace       used 23274K, capacity 24299K, committed 25472K, reserved 1071104K
  class space    used 2405K, capacity 2620K, committed 2944K, reserved 1048576K
}
Event: 8939.390 GC heap before
{Heap before GC invocations=21137 (full 985):
 garbage-first heap   total 575488K, used 213631K [0x0000000702400000, 0x0000000800000000)
  region size 1024K, 9 young (9216K), 1 survivors (1024K)
 Metaspace       used 23276K, capacity 24299K, committed 25472K, reserved 1071104K
  class space    used 2405K, capacity 2620K, committed 2944K, reserved 1048576K
}
Event: 8939.424 GC heap after
{Heap after GC invocations=21138 (full 986):
 garbage-first heap   total 575488K, used 179527K [0x0000000702400000, 0x0000000800000000)
  region size 1024K, 0 young (0K), 0 survivors (0K)
 Metaspace       used 23276K, capacity 24299K, committed 25472K, reserved 1071104K
  class space    used 2405K, capacity 2620K, committed 2944K, reserved 1048576K
}
Event: 8950.312 GC heap before
{Heap before GC invocations=21138 (full 986):
 garbage-first heap   total 575488K, used 193863K [0x0000000702400000, 0x0000000800000000)
  region size 1024K, 7 young (7168K), 0 survivors (0K)
 Metaspace       used 23278K, capacity 24299K, committed 25472K, reserved 1071104K
  class space    used 2405K, capacity 2620K, committed 2944K, reserved 1048576K
}
Event: 8950.344 GC heap after
{Heap after GC invocations=21139 (full 987):
 garbage-first heap   total 575488K, used 182653K [0x0000000702400000, 0x0000000800000000)
  region size 1024K, 0 young (0K), 0 survivors (0K)
 Metaspace       used 23278K, capacity 24299K, committed 25472K, reserved 1071104K
  class space    used 2405K, capacity 2620K, committed 2944K, reserved 1048576K
}
Event: 8955.993 GC heap before
{Heap before GC invocations=21139 (full 987):
 garbage-first heap   total 575488K, used 185725K [0x0000000702400000, 0x0000000800000000)
  region size 1024K, 2 young (2048K), 0 survivors (0K)
 Metaspace       used 23278K, capacity 24299K, committed 25472K, reserved 1071104K
  class space    used 2405K, capacity 2620K, committed 2944K, reserved 1048576K
}
Event: 8956.015 GC heap after
{Heap after GC invocations=21140 (full 988):
 garbage-first heap   total 575488K, used 182665K [0x0000000702400000, 0x0000000800000000)
  region size 1024K, 0 young (0K), 0 survivors (0K)
 Metaspace       used 23278K, capacity 24299K, committed 25472K, reserved 1071104K
  class space    used 2405K, capacity 2620K, committed 2944K, reserved 1048576K
}

