# JRE version: OpenJDK Runtime Environment (11.0.2+9) (build 11.0.2+9)
# Java VM: OpenJDK 64-Bit Server VM (11.0.2+9, mixed mode, tiered, compressed oops, g1 gc, windows-amd64)
Heap:
 garbage-first heap   total 242688K, used 166621K [0x0000000702400000, 0x0000000800000000)
  region size 1024K, 83 young (84992K), 0 survivors (0K)
 Metaspace       used 70570K, capacity 74405K, committed 74496K, reserved 1114112K
  class space    used 9106K, capacity 10691K, committed 10752K, reserved 1048576K
GC Heap History (10 events):
Event: 480.276 GC heap before
{Heap before GC invocations=25 (full 5):
 garbage-first heap   total 242688K, used 89959K [0x0000000702400000, 0x0000000800000000)
  region size 1024K, 17 young (17408K), 6 survivors (6144K)
 Metaspace       used 69774K, capacity 73548K, committed 73600K, reserved 1112064K
  class space    used 9056K, capacity 10617K, committed 10624K, reserved 1048576K
}
Event: 480.349 GC heap after
{Heap after GC invocations=26 (full 6):
 garbage-first heap   total 242688K, used 72903K [0x0000000702400000, 0x0000000800000000)
  region size 1024K, 0 young (0K), 0 survivors (0K)
 Metaspace       used 69587K, capacity 73268K, committed 73600K, reserved 1112064K
  class space    used 9015K, capacity 10545K, committed 10624K, reserved 1048576K
}
Event: 548.716 GC heap before
{Heap before GC invocations=26 (full 6):
 garbage-first heap   total 242688K, used 198855K [0x0000000702400000, 0x0000000800000000)
  region size 1024K, 117 young (119808K), 0 survivors (0K)
 Metaspace       used 69895K, capacity 73546K, committed 73600K, reserved 1112064K
  class space    used 9055K, capacity 10613K, committed 10624K, reserved 1048576K
}
Event: 548.726 GC heap after
{Heap after GC invocations=27 (full 6):
 garbage-first heap   total 242688K, used 85077K [0x0000000702400000, 0x0000000800000000)
  region size 1024K, 5 young (5120K), 5 survivors (5120K)
 Metaspace       used 69895K, capacity 73546K, committed 73600K, reserved 1112064K
  class space    used 9055K, capacity 10613K, committed 10624K, reserved 1048576K
}
Event: 549.268 GC heap before
{Heap before GC invocations=27 (full 6):
 garbage-first heap   total 242688K, used 146517K [0x0000000702400000, 0x0000000800000000)
  region size 1024K, 67 young (68608K), 5 survivors (5120K)
 Metaspace       used 70075K, capacity 73872K, committed 73984K, reserved 1112064K
  class space    used 9066K, capacity 10653K, committed 10752K, reserved 1048576K
}
Event: 549.341 GC heap after
{Heap after GC invocations=28 (full 7):
 garbage-first heap   total 242688K, used 75181K [0x0000000702400000, 0x0000000800000000)
  region size 1024K, 0 young (0K), 0 survivors (0K)
 Metaspace       used 69894K, capacity 73656K, committed 73984K, reserved 1112064K
  class space    used 9025K, capacity 10581K, committed 10752K, reserved 1048576K
}
Event: 593.133 GC heap before
{Heap before GC invocations=28 (full 7):
 garbage-first heap   total 242688K, used 169389K [0x0000000702400000, 0x0000000800000000)
  region size 1024K, 87 young (89088K), 0 survivors (0K)
 Metaspace       used 70176K, capacity 73974K, committed 74240K, reserved 1112064K
  class space    used 9063K, capacity 10621K, committed 10752K, reserved 1048576K
}
Event: 593.204 GC heap after
{Heap after GC invocations=29 (full 8):
 garbage-first heap   total 242688K, used 76278K [0x0000000702400000, 0x0000000800000000)
  region size 1024K, 0 young (0K), 0 survivors (0K)
 Metaspace       used 70176K, capacity 73974K, committed 74240K, reserved 1112064K
  class space    used 9063K, capacity 10621K, committed 10752K, reserved 1048576K
}
Event: 612.676 GC heap before
{Heap before GC invocations=29 (full 8):
 garbage-first heap   total 242688K, used 190966K [0x0000000702400000, 0x0000000800000000)
  region size 1024K, 105 young (107520K), 0 survivors (0K)
 Metaspace       used 70589K, capacity 74417K, committed 74496K, reserved 1114112K
  class space    used 9112K, capacity 10725K, committed 10752K, reserved 1048576K
}
Event: 612.757 GC heap after
{Heap after GC invocations=30 (full 9):
 garbage-first heap   total 242688K, used 77533K [0x0000000702400000, 0x0000000800000000)
  region size 1024K, 0 young (0K), 0 survivors (0K)
 Metaspace       used 70402K, capacity 74137K, committed 74496K, reserved 1114112K
  class space    used 9071K, capacity 10653K, committed 10752K, reserved 1048576K
}

